2024-01-31 06:20:52.316  INFO 26336 --- [main] c.t.order.OrderApplicationTests          : Starting OrderApplicationTests using Java 17.0.7 on DESKTOP-HO7UDGJ with PID 26336 (started by T-GAMER in C:\Users\T-GAMER\Videos\MSG\kafka-rabbitmq\order)
2024-01-31 06:20:52.321  INFO 26336 --- [main] c.t.order.OrderApplicationTests          : No active profile set, falling back to 1 default profile: "default"
2024-01-31 06:20:53.496  INFO 26336 --- [main] .s.d.r.c.RepositoryConfigurationDelegate : Bootstrapping Spring Data JPA repositories in DEFAULT mode.
2024-01-31 06:20:53.663  INFO 26336 --- [main] .s.d.r.c.RepositoryConfigurationDelegate : Finished Spring Data repository scanning in 158 ms. Found 1 JPA repository interfaces.
2024-01-31 06:20:53.862  INFO 26336 --- [main] faultConfiguringBeanFactoryPostProcessor : No bean named 'errorChannel' has been explicitly defined. Therefore, a default PublishSubscribeChannel will be created.
2024-01-31 06:20:53.882  INFO 26336 --- [main] faultConfiguringBeanFactoryPostProcessor : No bean named 'integrationHeaderChannelRegistry' has been explicitly defined. Therefore, a default DefaultHeaderChannelRegistry will be created.
2024-01-31 06:20:53.979  INFO 26336 --- [main] o.s.cloud.context.scope.GenericScope     : BeanFactory id=04ff68ad-176f-33cc-9c5b-d049e4daaba1
2024-01-31 06:20:54.594  INFO 26336 --- [main] o.f.c.internal.license.VersionPrinter    : Flyway Community Edition 8.5.13 by Redgate
2024-01-31 06:20:54.594  INFO 26336 --- [main] o.f.c.internal.license.VersionPrinter    : See what's new here: https://flywaydb.org/documentation/learnmore/releaseNotes#8.5.13
2024-01-31 06:20:54.595  INFO 26336 --- [main] o.f.c.internal.license.VersionPrinter    : 
2024-01-31 06:20:54.603  INFO 26336 --- [main] com.zaxxer.hikari.HikariDataSource       : HikariPool-1 - Starting...
2024-01-31 06:20:55.097  INFO 26336 --- [main] com.zaxxer.hikari.HikariDataSource       : HikariPool-1 - Start completed.
2024-01-31 06:20:55.139  INFO 26336 --- [main] o.f.c.i.database.base.BaseDatabaseType   : Database: jdbc:mysql://localhost:3306/order (MySQL 8.1)
2024-01-31 06:20:55.181  WARN 26336 --- [main] o.f.c.internal.database.base.Database    : Flyway upgrade recommended: MySQL 8.1 is newer than this version of Flyway and support has not been tested. The latest supported version of MySQL is 8.0.
2024-01-31 06:20:55.217  INFO 26336 --- [main] o.f.core.internal.command.DbValidate     : Successfully validated 1 migration (execution time 00:00.027s)
2024-01-31 06:20:55.236  INFO 26336 --- [main] o.f.core.internal.command.DbMigrate      : Current version of schema `order`: 001
2024-01-31 06:20:55.237  INFO 26336 --- [main] o.f.core.internal.command.DbMigrate      : Schema `order` is up to date. No migration necessary.
2024-01-31 06:20:55.395  INFO 26336 --- [main] o.hibernate.jpa.internal.util.LogHelper  : HHH000204: Processing PersistenceUnitInfo [name: default]
2024-01-31 06:20:55.487  INFO 26336 --- [main] org.hibernate.Version                    : HHH000412: Hibernate ORM core version 5.6.15.Final
2024-01-31 06:20:55.682  INFO 26336 --- [main] o.hibernate.annotations.common.Version   : HCANN000001: Hibernate Commons Annotations {5.1.2.Final}
2024-01-31 06:20:55.811  INFO 26336 --- [main] org.hibernate.dialect.Dialect            : HHH000400: Using dialect: org.hibernate.dialect.MySQL8Dialect
2024-01-31 06:20:56.289  INFO 26336 --- [main] o.h.e.t.j.p.i.JtaPlatformInitiator       : HHH000490: Using JtaPlatform implementation: [org.hibernate.engine.transaction.jta.platform.internal.NoJtaPlatform]
2024-01-31 06:20:56.296  INFO 26336 --- [main] j.LocalContainerEntityManagerFactoryBean : Initialized JPA EntityManagerFactory for persistence unit 'default'
2024-01-31 06:20:57.052  WARN 26336 --- [main] JpaBaseConfiguration$JpaWebConfiguration : spring.jpa.open-in-view is enabled by default. Therefore, database queries may be performed during view rendering. Explicitly configure spring.jpa.open-in-view to disable this warning
2024-01-31 06:20:59.418  INFO 26336 --- [main] o.s.c.s.m.DirectWithAttributesChannel    : Channel 'order.appUpdatedEventListener-in-0' has 1 subscriber(s).
2024-01-31 06:20:59.814  INFO 26336 --- [main] DiscoveryClientOptionalArgsConfiguration : Eureka HTTP Client uses RestTemplate.
2024-01-31 06:20:59.957  WARN 26336 --- [main] iguration$LoadBalancerCaffeineWarnLogger : Spring Cloud LoadBalancer is currently working with the default cache. While this cache implementation is useful for development and tests, it's recommended to use Caffeine cache in production.You can switch to using Caffeine cache, by adding it and org.springframework.cache.caffeine.CaffeineCacheManager to the classpath.
2024-01-31 06:20:59.970  INFO 26336 --- [main] o.s.b.a.e.web.EndpointLinksResolver      : Exposing 22 endpoint(s) beneath base path '/actuator'
2024-01-31 06:21:00.117  INFO 26336 --- [main] o.s.i.endpoint.EventDrivenConsumer       : Adding {logging-channel-adapter:_org.springframework.integration.errorLogger} as a subscriber to the 'errorChannel' channel
2024-01-31 06:21:00.118  INFO 26336 --- [main] o.s.i.channel.PublishSubscribeChannel    : Channel 'order.errorChannel' has 1 subscriber(s).
2024-01-31 06:21:00.118  INFO 26336 --- [main] o.s.i.endpoint.EventDrivenConsumer       : started bean '_org.springframework.integration.errorLogger'
2024-01-31 06:21:00.314  INFO 26336 --- [main] c.s.b.r.p.RabbitExchangeQueueProvisioner : declaring queue for inbound: app.v1.event.app-updated.scheduler, bound to: app.v1.event.app-updated
2024-01-31 06:21:00.317  INFO 26336 --- [main] o.s.a.r.c.CachingConnectionFactory       : Attempting to connect to: [localhost:5672]
2024-01-31 06:21:00.379  INFO 26336 --- [main] o.s.a.r.c.CachingConnectionFactory       : Created new connection: rabbitConnectionFactory#d4962bd:0/SimpleConnection@1e7b277a [delegate=amqp://rabbitmq@127.0.0.1:5672/, localPort= 51436]
2024-01-31 06:21:00.439  INFO 26336 --- [main] o.s.c.stream.binder.BinderErrorChannel   : Channel 'app.v1.event.app-updated.scheduler.errors' has 1 subscriber(s).
2024-01-31 06:21:00.440  INFO 26336 --- [main] o.s.c.stream.binder.BinderErrorChannel   : Channel 'app.v1.event.app-updated.scheduler.errors' has 2 subscriber(s).
2024-01-31 06:21:00.461  INFO 26336 --- [main] o.s.i.a.i.AmqpInboundChannelAdapter      : started bean 'inbound.app.v1.event.app-updated.scheduler'
2024-01-31 06:21:00.509  INFO 26336 --- [main] c.t.order.OrderApplicationTests          : Started OrderApplicationTests in 8.607 seconds (JVM running for 9.403)
2024-01-31 06:21:00.832  INFO 26336 --- [SpringApplicationShutdownHook] o.s.c.n.eureka.InstanceInfoFactory       : Setting initial instance status as: STARTING
2024-01-31 06:21:00.834  INFO 26336 --- [SpringApplicationShutdownHook] o.s.c.n.e.s.EurekaServiceRegistry        : Unregistering application ORDER with eureka with status DOWN
2024-01-31 06:21:00.843  INFO 26336 --- [SpringApplicationShutdownHook] o.s.a.r.l.SimpleMessageListenerContainer : Waiting for workers to finish.
2024-01-31 06:21:01.471  INFO 26336 --- [SpringApplicationShutdownHook] o.s.a.r.l.SimpleMessageListenerContainer : Successfully waited for workers to finish.
2024-01-31 06:21:01.471  INFO 26336 --- [SpringApplicationShutdownHook] o.s.i.a.i.AmqpInboundChannelAdapter      : stopped bean 'inbound.app.v1.event.app-updated.scheduler'
2024-01-31 06:21:01.473  INFO 26336 --- [SpringApplicationShutdownHook] o.s.c.stream.binder.BinderErrorChannel   : Channel 'order.app.v1.event.app-updated.scheduler.errors' has 1 subscriber(s).
2024-01-31 06:21:01.475  INFO 26336 --- [SpringApplicationShutdownHook] o.s.i.endpoint.EventDrivenConsumer       : Removing {logging-channel-adapter:_org.springframework.integration.errorLogger} as a subscriber to the 'errorChannel' channel
2024-01-31 06:21:01.475  INFO 26336 --- [SpringApplicationShutdownHook] o.s.i.channel.PublishSubscribeChannel    : Channel 'order.errorChannel' has 0 subscriber(s).
2024-01-31 06:21:01.475  INFO 26336 --- [SpringApplicationShutdownHook] o.s.i.endpoint.EventDrivenConsumer       : stopped bean '_org.springframework.integration.errorLogger'
2024-01-31 06:21:01.488  INFO 26336 --- [SpringApplicationShutdownHook] j.LocalContainerEntityManagerFactoryBean : Closing JPA EntityManagerFactory for persistence unit 'default'
2024-01-31 06:21:01.489  INFO 26336 --- [SpringApplicationShutdownHook] com.zaxxer.hikari.HikariDataSource       : HikariPool-1 - Shutdown initiated...
2024-01-31 06:21:01.503  INFO 26336 --- [SpringApplicationShutdownHook] com.zaxxer.hikari.HikariDataSource       : HikariPool-1 - Shutdown completed.
